TpTrace Verbose: 0 : 24412, 1, 2022/03/06, 11:31:30.276, 55315868522, testhost.dll, Version: 16.9.4
TpTrace Information: 0 : 24412, 1, 2022/03/06, 11:31:30.281, 55315894273, testhost.dll, DefaultEngineInvoker.Invoke: Testhost process started with args :[--port, 53989],[--endpoint, 127.0.0.1:053989],[--role, client],[--parentprocessid, 25176],[--diag, C:\Users\D3NCE\OneDrive\Desktop\RentNScoot\RentNScoot.Application.UT\bin\Debug\netcoreapp3.1\fine-code-coverage\coverage-tool-output\diagnostics.host.22-03-06_11-31-30_17713_4.log],[--tracelevel, 4],[--datacollectionport, 53988],[--telemetryoptedin, false]
TpTrace Information: 0 : 24412, 1, 2022/03/06, 11:31:30.282, 55315904685, testhost.dll, Setting up debug trace listener.
TpTrace Verbose: 0 : 24412, 1, 2022/03/06, 11:31:30.282, 55315905844, testhost.dll, TestPlatformTraceListener.Setup: Replacing listener 0 with TestHostTraceListener.
TpTrace Verbose: 0 : 24412, 1, 2022/03/06, 11:31:30.282, 55315906182, testhost.dll, TestPlatformTraceListener.Setup: Added test platform trace listener.
TpTrace Information: 0 : 24412, 1, 2022/03/06, 11:31:30.283, 55315908140, testhost.dll, DefaultEngineInvoker.SetParentProcessExitCallback: Monitoring parent process with id: '25176'
TpTrace Information: 0 : 24412, 1, 2022/03/06, 11:31:30.288, 55315956706, testhost.dll, DefaultEngineInvoker.GetConnectionInfo: Initialize communication on endpoint address: '127.0.0.1:053989'
TpTrace Information: 0 : 24412, 1, 2022/03/06, 11:31:30.299, 55316069964, testhost.dll, SocketClient.Start: connecting to server endpoint: 127.0.0.1:053989
TpTrace Information: 0 : 24412, 1, 2022/03/06, 11:31:30.302, 55316102174, testhost.dll, DefaultEngineInvoker.ConnectToDatacollector: Connecting to datacollector, port: 53988
TpTrace Information: 0 : 24412, 8, 2022/03/06, 11:31:30.303, 55316116131, testhost.dll, SocketClient.OnServerConnected: connected to server endpoint: 127.0.0.1:053989
TpTrace Information: 0 : 24412, 1, 2022/03/06, 11:31:30.305, 55316127098, testhost.dll, Trying to connect to server on socket : 127.0.0.1:53988 
TpTrace Verbose: 0 : 24412, 8, 2022/03/06, 11:31:30.305, 55316128180, testhost.dll, Connected to server, and starting MessageLoopAsync
TpTrace Verbose: 0 : 24412, 1, 2022/03/06, 11:31:30.305, 55316132192, testhost.dll, SocketCommunicationManager : SetupClientAsync : Attempting to connect to the server.
TpTrace Information: 0 : 24412, 10, 2022/03/06, 11:31:30.306, 55316143189, testhost.dll, Connected to the server successfully 
TpTrace Information: 0 : 24412, 10, 2022/03/06, 11:31:30.306, 55316143569, testhost.dll, Using the buffer size of 16384 bytes
TpTrace Information: 0 : 24412, 1, 2022/03/06, 11:31:30.306, 55316146427, testhost.dll, DefaultEngineInvoker.Invoke: Start Request Processing.
TpTrace Verbose: 0 : 24412, 9, 2022/03/06, 11:31:30.307, 55316148959, testhost.dll, TcpClientExtensions.MessageLoopAsync: Polling on remoteEndPoint: [::ffff:127.0.0.1]:53989 localEndPoint: [::ffff:127.0.0.1]:53990
TpTrace Information: 0 : 24412, 11, 2022/03/06, 11:31:30.307, 55316150789, testhost.dll, DefaultEngineInvoker.StartProcessingAsync: Connected to vstest.console, Starting process requests.
TpTrace Verbose: 0 : 24412, 9, 2022/03/06, 11:31:30.307, 55316151004, testhost.dll, TcpClientExtensions.MessageLoopAsync: NotifyDataAvailable remoteEndPoint: [::ffff:127.0.0.1]:53989 localEndPoint: [::ffff:127.0.0.1]:53990
TpTrace Information: 0 : 24412, 9, 2022/03/06, 11:31:30.389, 55316973819, testhost.dll, TestRequestHandler.ProcessRequests: received message: (ProtocolVersion) -> 5
TpTrace Verbose: 0 : 24412, 9, 2022/03/06, 11:31:30.408, 55317159414, testhost.dll, TestRequestHandler.SendData:  sending data from testhost: {"Version":5,"MessageType":"TestSession.Message","Payload":{"MessageLevel":0,"Message":"Die TestHost-Diagnose wird in der Datei C:\\Users\\D3NCE\\OneDrive\\Desktop\\RentNScoot\\RentNScoot.Application.UT\\bin\\Debug\\netcoreapp3.1\\fine-code-coverage\\coverage-tool-output\\diagnostics.host.22-03-06_11-31-30_17713_4.log protokolliert."}}
TpTrace Verbose: 0 : 24412, 9, 2022/03/06, 11:31:30.408, 55317160841, testhost.dll, TcpClientExtensions.MessageLoopAsync: Polling on remoteEndPoint: [::ffff:127.0.0.1]:53989 localEndPoint: [::ffff:127.0.0.1]:53990
TpTrace Verbose: 0 : 24412, 9, 2022/03/06, 11:31:30.408, 55317161783, testhost.dll, TcpClientExtensions.MessageLoopAsync: NotifyDataAvailable remoteEndPoint: [::ffff:127.0.0.1]:53989 localEndPoint: [::ffff:127.0.0.1]:53990
TpTrace Information: 0 : 24412, 9, 2022/03/06, 11:31:30.410, 55317185569, testhost.dll, TestRequestHandler.ProcessRequests: received message: (TestExecution.Initialize) -> [
  "C:\\Users\\D3NCE\\OneDrive\\Desktop\\RentNScoot\\RentNScoot.Application.UT\\bin\\Debug\\netcoreapp3.1\\fine-code-coverage\\build-output\\Microsoft.VisualStudio.TestPlatform.MSTest.TestAdapter.dll"
]
TpTrace Information: 0 : 24412, 9, 2022/03/06, 11:31:30.410, 55317186263, testhost.dll, Execution Session Initialize.
TpTrace Verbose: 0 : 24412, 9, 2022/03/06, 11:31:30.415, 55317230415, testhost.dll, TcpClientExtensions.MessageLoopAsync: Polling on remoteEndPoint: [::ffff:127.0.0.1]:53989 localEndPoint: [::ffff:127.0.0.1]:53990
TpTrace Verbose: 0 : 24412, 9, 2022/03/06, 11:31:30.415, 55317230882, testhost.dll, TcpClientExtensions.MessageLoopAsync: NotifyDataAvailable remoteEndPoint: [::ffff:127.0.0.1]:53989 localEndPoint: [::ffff:127.0.0.1]:53990
TpTrace Verbose: 0 : 24412, 4, 2022/03/06, 11:31:30.417, 55317248324, testhost.dll, TestExecutorService: Loading the extensions
TpTrace Information: 0 : 24412, 9, 2022/03/06, 11:31:30.417, 55317248527, testhost.dll, TestRequestHandler.ProcessRequests: received message: (TestExecution.StartWithSources) -> {
  "AdapterSourceMap": {
    "_none_": [
      "C:\\Users\\D3NCE\\OneDrive\\Desktop\\RentNScoot\\RentNScoot.Application.UT\\bin\\Debug\\netcoreapp3.1\\fine-code-coverage\\build-output\\RentNScoot.Application.UT.dll"
    ]
  },
  "RunSettings": "<RunSettings>\r\n  <RunConfiguration>\r\n    <ResultsDirectory>C:\\Users\\D3NCE\\OneDrive\\Desktop\\RentNScoot\\RentNScoot.Application.UT\\bin\\Debug\\netcoreapp3.1\\fine-code-coverage\\coverage-tool-output</ResultsDirectory>\r\n    <TargetPlatform>X64</TargetPlatform>\r\n    <TargetFrameworkVersion>.NETCoreApp,Version=v3.1</TargetFrameworkVersion>\r\n    <DesignMode>False</DesignMode>\r\n    <CollectSourceInformation>False</CollectSourceInformation>\r\n  </RunConfiguration>\r\n  <LoggerRunSettings>\r\n    <Loggers>\r\n      <Logger friendlyName=\"blame\" enabled=\"True\" />\r\n      <Logger friendlyName=\"Console\" uri=\"logger://microsoft/TestPlatform/ConsoleLogger/v1\" assemblyQualifiedName=\"Microsoft.VisualStudio.TestPlatform.CommandLine.Internal.ConsoleLogger, vstest.console, Version=15.0.0.0, Culture=neutral, PublicKeyToken=b03f5f7f11d50a3a\" codeBase=\"C:\\Program Files\\dotnet\\sdk\\5.0.405\\vstest.console.dll\" enabled=\"True\" />\r\n    </Loggers>\r\n  </LoggerRunSettings>\r\n  <DataCollectionRunSettings>\r\n    <DataCollectors>\r\n      <DataCollector friendlyName=\"blame\" enabled=\"True\">\r\n        <Configuration>\r\n          <ResultsDirectory>C:\\Users\\D3NCE\\OneDrive\\Desktop\\RentNScoot\\RentNScoot.Application.UT\\bin\\Debug\\netcoreapp3.1\\fine-code-coverage\\coverage-tool-output</ResultsDirectory>\r\n        </Configuration>\r\n      </DataCollector>\r\n    </DataCollectors>\r\n  </DataCollectionRunSettings>\r\n</RunSettings>",
  "TestExecutionContext": {
    "FrequencyOfRunStatsChangeEvent": 10,
    "RunStatsChangeEventTimeout": "00:00:01.5000000",
    "InIsolation": false,
    "KeepAlive": false,
    "AreTestCaseLevelEventsRequired": false,
    "IsDebug": false,
    "TestCaseFilter": null,
    "FilterOptions": null
  },
  "Package": null
}
TpTrace Information: 0 : 24412, 9, 2022/03/06, 11:31:30.417, 55317249803, testhost.dll, Execution started.
TpTrace Verbose: 0 : 24412, 4, 2022/03/06, 11:31:30.418, 55317260602, testhost.dll, TestPluginCache.DiscoverTestExtensions: finding test extensions in assemblies ends with: TestAdapter.dll TPluginInfo: Microsoft.VisualStudio.TestPlatform.Common.ExtensionFramework.Utilities.TestExecutorPluginInformation TExtension: Microsoft.VisualStudio.TestPlatform.ObjectModel.Adapter.ITestExecutor
TpTrace Verbose: 0 : 24412, 4, 2022/03/06, 11:31:30.419, 55317267588, testhost.dll, TestPluginCache.GetExtensionPaths: Filtered extension paths: 
TpTrace Verbose: 0 : 24412, 4, 2022/03/06, 11:31:30.419, 55317270020, testhost.dll, TestPluginCache.GetExtensionPaths: Added default extension paths: C:\Users\D3NCE\OneDrive\Desktop\RentNScoot\RentNScoot.Application.UT\bin\Debug\netcoreapp3.1\fine-code-coverage\build-output\Microsoft.VisualStudio.TestPlatform.MSTest.TestAdapter.dll
TpTrace Verbose: 0 : 24412, 4, 2022/03/06, 11:31:30.419, 55317270377, testhost.dll, TestPluginCache.GetExtensionPaths: Added unfilterableExtensionPaths: 
TpTrace Information: 0 : 24412, 4, 2022/03/06, 11:31:30.420, 55317286109, testhost.dll, AssemblyResolver.ctor: Creating AssemblyResolver with searchDirectories C:\Users\D3NCE\OneDrive\Desktop\RentNScoot\RentNScoot.Application.UT\bin\Debug\netcoreapp3.1\fine-code-coverage\build-output
TpTrace Verbose: 0 : 24412, 4, 2022/03/06, 11:31:30.422, 55317297985, testhost.dll, TestPluginCache.DiscoverTestExtensions: Discovering the extensions using extension path.
TpTrace Verbose: 0 : 24412, 4, 2022/03/06, 11:31:30.422, 55317298634, testhost.dll, TestPluginCache.GetExtensionPaths: Filtered extension paths: 
TpTrace Verbose: 0 : 24412, 4, 2022/03/06, 11:31:30.422, 55317298887, testhost.dll, TestPluginCache.GetExtensionPaths: Added default extension paths: C:\Users\D3NCE\OneDrive\Desktop\RentNScoot\RentNScoot.Application.UT\bin\Debug\netcoreapp3.1\fine-code-coverage\build-output\Microsoft.VisualStudio.TestPlatform.MSTest.TestAdapter.dll
TpTrace Verbose: 0 : 24412, 4, 2022/03/06, 11:31:30.422, 55317299089, testhost.dll, TestPluginCache.GetExtensionPaths: Added unfilterableExtensionPaths: 
TpTrace Verbose: 0 : 24412, 4, 2022/03/06, 11:31:30.422, 55317299463, testhost.dll, TestPluginCache.DiscoverTestExtensions: Discovering the extensions using allExtensionPaths: C:\Users\D3NCE\OneDrive\Desktop\RentNScoot\RentNScoot.Application.UT\bin\Debug\netcoreapp3.1\fine-code-coverage\build-output\Microsoft.VisualStudio.TestPlatform.MSTest.TestAdapter.dll
TpTrace Information: 0 : 24412, 4, 2022/03/06, 11:31:30.422, 55317306288, testhost.dll, AssemblyResolver.AddSearchDirectories: Adding more searchDirectories C:\Users\D3NCE\OneDrive\Desktop\RentNScoot\RentNScoot.Application.UT\bin\Debug\netcoreapp3.1\fine-code-coverage\build-output
TpTrace Information: 0 : 24412, 4, 2022/03/06, 11:31:30.425, 55317336366, testhost.dll, AssemblyResolver.OnResolve: Microsoft.VisualStudio.TestPlatform.MSTest.TestAdapter: Resolving assembly.
TpTrace Information: 0 : 24412, 4, 2022/03/06, 11:31:30.427, 55317346848, testhost.dll, AssemblyResolver.OnResolve: Resolved assembly: Microsoft.VisualStudio.TestPlatform.MSTest.TestAdapter, from path: C:\Users\D3NCE\OneDrive\Desktop\RentNScoot\RentNScoot.Application.UT\bin\Debug\netcoreapp3.1\fine-code-coverage\build-output\Microsoft.VisualStudio.TestPlatform.MSTest.TestAdapter.dll
TpTrace Verbose: 0 : 24412, 4, 2022/03/06, 11:31:30.430, 55317385763, testhost.dll, TestPluginCache: Discovered the extensions using extension path ''.
TpTrace Verbose: 0 : 24412, 4, 2022/03/06, 11:31:30.431, 55317388504, testhost.dll, TestPluginCache: Discoverers are ''.
TpTrace Verbose: 0 : 24412, 4, 2022/03/06, 11:31:30.431, 55317388946, testhost.dll, TestPluginCache: Executors are 'executor://MSTestAdapter/v2'.
TpTrace Verbose: 0 : 24412, 4, 2022/03/06, 11:31:30.431, 55317389315, testhost.dll, TestPluginCache: Executors2 are ''.
TpTrace Verbose: 0 : 24412, 4, 2022/03/06, 11:31:30.431, 55317389662, testhost.dll, TestPluginCache: Setting providers are ''.
TpTrace Verbose: 0 : 24412, 4, 2022/03/06, 11:31:30.431, 55317390065, testhost.dll, TestPluginCache: Loggers are ''.
TpTrace Verbose: 0 : 24412, 4, 2022/03/06, 11:31:30.433, 55317408793, testhost.dll, TestPluginCache.DiscoverTestExtensions: finding test extensions in assemblies ends with: TestAdapter.dll TPluginInfo: Microsoft.VisualStudio.TestPlatform.Common.ExtensionFramework.Utilities.TestExecutorPluginInformation2 TExtension: Microsoft.VisualStudio.TestPlatform.ObjectModel.Adapter.ITestExecutor2
TpTrace Verbose: 0 : 24412, 4, 2022/03/06, 11:31:30.433, 55317410463, testhost.dll, TestPluginCache.GetExtensionPaths: Filtered extension paths: 
TpTrace Verbose: 0 : 24412, 4, 2022/03/06, 11:31:30.433, 55317410802, testhost.dll, TestPluginCache.GetExtensionPaths: Added default extension paths: C:\Users\D3NCE\OneDrive\Desktop\RentNScoot\RentNScoot.Application.UT\bin\Debug\netcoreapp3.1\fine-code-coverage\build-output\Microsoft.VisualStudio.TestPlatform.MSTest.TestAdapter.dll
TpTrace Verbose: 0 : 24412, 4, 2022/03/06, 11:31:30.433, 55317410990, testhost.dll, TestPluginCache.GetExtensionPaths: Added unfilterableExtensionPaths: 
TpTrace Information: 0 : 24412, 4, 2022/03/06, 11:31:30.433, 55317412189, testhost.dll, AssemblyResolver.AddSearchDirectories: Adding more searchDirectories C:\Users\D3NCE\OneDrive\Desktop\RentNScoot\RentNScoot.Application.UT\bin\Debug\netcoreapp3.1\fine-code-coverage\build-output
TpTrace Verbose: 0 : 24412, 4, 2022/03/06, 11:31:30.433, 55317412618, testhost.dll, TestPluginCache.DiscoverTestExtensions: Discovering the extensions using extension path.
TpTrace Verbose: 0 : 24412, 4, 2022/03/06, 11:31:30.433, 55317412818, testhost.dll, TestPluginCache.GetExtensionPaths: Filtered extension paths: 
TpTrace Verbose: 0 : 24412, 4, 2022/03/06, 11:31:30.433, 55317412986, testhost.dll, TestPluginCache.GetExtensionPaths: Added default extension paths: C:\Users\D3NCE\OneDrive\Desktop\RentNScoot\RentNScoot.Application.UT\bin\Debug\netcoreapp3.1\fine-code-coverage\build-output\Microsoft.VisualStudio.TestPlatform.MSTest.TestAdapter.dll
TpTrace Verbose: 0 : 24412, 4, 2022/03/06, 11:31:30.433, 55317413184, testhost.dll, TestPluginCache.GetExtensionPaths: Added unfilterableExtensionPaths: 
TpTrace Verbose: 0 : 24412, 4, 2022/03/06, 11:31:30.433, 55317413371, testhost.dll, TestPluginCache.DiscoverTestExtensions: Discovering the extensions using allExtensionPaths: C:\Users\D3NCE\OneDrive\Desktop\RentNScoot\RentNScoot.Application.UT\bin\Debug\netcoreapp3.1\fine-code-coverage\build-output\Microsoft.VisualStudio.TestPlatform.MSTest.TestAdapter.dll
TpTrace Information: 0 : 24412, 4, 2022/03/06, 11:31:30.433, 55317413646, testhost.dll, AssemblyResolver.AddSearchDirectories: Adding more searchDirectories C:\Users\D3NCE\OneDrive\Desktop\RentNScoot\RentNScoot.Application.UT\bin\Debug\netcoreapp3.1\fine-code-coverage\build-output
TpTrace Verbose: 0 : 24412, 9, 2022/03/06, 11:31:30.433, 55317413876, testhost.dll, TcpClientExtensions.MessageLoopAsync: Polling on remoteEndPoint: [::ffff:127.0.0.1]:53989 localEndPoint: [::ffff:127.0.0.1]:53990
TpTrace Verbose: 0 : 24412, 4, 2022/03/06, 11:31:30.433, 55317414755, testhost.dll, TestPluginCache: Discovered the extensions using extension path ''.
TpTrace Verbose: 0 : 24412, 4, 2022/03/06, 11:31:30.433, 55317415072, testhost.dll, TestPluginCache: Discoverers are ''.
TpTrace Verbose: 0 : 24412, 4, 2022/03/06, 11:31:30.433, 55317415290, testhost.dll, TestPluginCache: Executors are 'executor://MSTestAdapter/v2'.
TpTrace Verbose: 0 : 24412, 4, 2022/03/06, 11:31:30.433, 55317415622, testhost.dll, TestPluginCache: Executors2 are ''.
TpTrace Verbose: 0 : 24412, 4, 2022/03/06, 11:31:30.433, 55317415805, testhost.dll, TestPluginCache: Setting providers are ''.
TpTrace Verbose: 0 : 24412, 4, 2022/03/06, 11:31:30.433, 55317415960, testhost.dll, TestPluginCache: Loggers are ''.
TpTrace Information: 0 : 24412, 4, 2022/03/06, 11:31:30.436, 55317443902, testhost.dll, TestPluginManager.CreateTestExtension: Attempting to load test extension: Microsoft.VisualStudio.TestPlatform.MSTest.TestAdapter.MSTestExecutor
TpTrace Verbose: 0 : 24412, 4, 2022/03/06, 11:31:30.438, 55317466177, testhost.dll, TestExecutorExtensionManager: Loading executor Microsoft.VisualStudio.TestPlatform.MSTest.TestAdapter.MSTestExecutor
TpTrace Verbose: 0 : 24412, 4, 2022/03/06, 11:31:30.438, 55317466526, testhost.dll, TestExecutorService: Loaded the executors
TpTrace Verbose: 0 : 24412, 4, 2022/03/06, 11:31:30.439, 55317471976, testhost.dll, TestPluginCache.DiscoverTestExtensions: finding test extensions in assemblies ends with: TestAdapter.dll TPluginInfo: Microsoft.VisualStudio.TestPlatform.Common.ExtensionFramework.Utilities.TestSettingsProviderPluginInformation TExtension: Microsoft.VisualStudio.TestPlatform.ObjectModel.Adapter.ISettingsProvider
TpTrace Verbose: 0 : 24412, 4, 2022/03/06, 11:31:30.439, 55317473067, testhost.dll, TestPluginCache.GetExtensionPaths: Filtered extension paths: 
TpTrace Verbose: 0 : 24412, 4, 2022/03/06, 11:31:30.439, 55317473348, testhost.dll, TestPluginCache.GetExtensionPaths: Added default extension paths: C:\Users\D3NCE\OneDrive\Desktop\RentNScoot\RentNScoot.Application.UT\bin\Debug\netcoreapp3.1\fine-code-coverage\build-output\Microsoft.VisualStudio.TestPlatform.MSTest.TestAdapter.dll
TpTrace Verbose: 0 : 24412, 4, 2022/03/06, 11:31:30.439, 55317473532, testhost.dll, TestPluginCache.GetExtensionPaths: Added unfilterableExtensionPaths: 
TpTrace Information: 0 : 24412, 4, 2022/03/06, 11:31:30.439, 55317474287, testhost.dll, AssemblyResolver.AddSearchDirectories: Adding more searchDirectories C:\Users\D3NCE\OneDrive\Desktop\RentNScoot\RentNScoot.Application.UT\bin\Debug\netcoreapp3.1\fine-code-coverage\build-output
TpTrace Verbose: 0 : 24412, 4, 2022/03/06, 11:31:30.439, 55317474555, testhost.dll, TestPluginCache.DiscoverTestExtensions: Discovering the extensions using extension path.
TpTrace Verbose: 0 : 24412, 4, 2022/03/06, 11:31:30.439, 55317474736, testhost.dll, TestPluginCache.GetExtensionPaths: Filtered extension paths: 
TpTrace Verbose: 0 : 24412, 4, 2022/03/06, 11:31:30.439, 55317474900, testhost.dll, TestPluginCache.GetExtensionPaths: Added default extension paths: C:\Users\D3NCE\OneDrive\Desktop\RentNScoot\RentNScoot.Application.UT\bin\Debug\netcoreapp3.1\fine-code-coverage\build-output\Microsoft.VisualStudio.TestPlatform.MSTest.TestAdapter.dll
TpTrace Verbose: 0 : 24412, 4, 2022/03/06, 11:31:30.439, 55317475066, testhost.dll, TestPluginCache.GetExtensionPaths: Added unfilterableExtensionPaths: 
TpTrace Verbose: 0 : 24412, 4, 2022/03/06, 11:31:30.439, 55317475275, testhost.dll, TestPluginCache.DiscoverTestExtensions: Discovering the extensions using allExtensionPaths: C:\Users\D3NCE\OneDrive\Desktop\RentNScoot\RentNScoot.Application.UT\bin\Debug\netcoreapp3.1\fine-code-coverage\build-output\Microsoft.VisualStudio.TestPlatform.MSTest.TestAdapter.dll
TpTrace Information: 0 : 24412, 4, 2022/03/06, 11:31:30.439, 55317475517, testhost.dll, AssemblyResolver.AddSearchDirectories: Adding more searchDirectories C:\Users\D3NCE\OneDrive\Desktop\RentNScoot\RentNScoot.Application.UT\bin\Debug\netcoreapp3.1\fine-code-coverage\build-output
TpTrace Verbose: 0 : 24412, 4, 2022/03/06, 11:31:30.440, 55317476666, testhost.dll, TestPluginCache: Discovered the extensions using extension path ''.
TpTrace Verbose: 0 : 24412, 4, 2022/03/06, 11:31:30.440, 55317476954, testhost.dll, TestPluginCache: Discoverers are ''.
TpTrace Verbose: 0 : 24412, 4, 2022/03/06, 11:31:30.440, 55317477130, testhost.dll, TestPluginCache: Executors are 'executor://MSTestAdapter/v2'.
TpTrace Verbose: 0 : 24412, 4, 2022/03/06, 11:31:30.440, 55317477292, testhost.dll, TestPluginCache: Executors2 are ''.
TpTrace Verbose: 0 : 24412, 4, 2022/03/06, 11:31:30.440, 55317477522, testhost.dll, TestPluginCache: Setting providers are ''.
TpTrace Verbose: 0 : 24412, 4, 2022/03/06, 11:31:30.440, 55317477691, testhost.dll, TestPluginCache: Loggers are ''.
TpTrace Verbose: 0 : 24412, 4, 2022/03/06, 11:31:30.440, 55317483613, testhost.dll, TestExecutorService: Loaded the settings providers
TpTrace Information: 0 : 24412, 4, 2022/03/06, 11:31:30.440, 55317483939, testhost.dll, TestExecutorService: Loaded the extensions
TpTrace Information: 0 : 24412, 4, 2022/03/06, 11:31:30.454, 55317623409, testhost.dll, AssemblyResolver.OnResolve: Microsoft.VisualStudio.TestPlatform.Common.resources: Resolving assembly.
TpTrace Information: 0 : 24412, 4, 2022/03/06, 11:31:30.454, 55317625345, testhost.dll, AssemblyResolver.OnResolve: Microsoft.VisualStudio.TestPlatform.Common.resources: Failed to load assembly.
TpTrace Information: 0 : 24412, 4, 2022/03/06, 11:31:30.489, 55317974825, testhost.dll, TestDiscoveryManager: Discovering tests from sources C:\Users\D3NCE\OneDrive\Desktop\RentNScoot\RentNScoot.Application.UT\bin\Debug\netcoreapp3.1\fine-code-coverage\build-output\RentNScoot.Application.UT.dll
TpTrace Verbose: 0 : 24412, 4, 2022/03/06, 11:31:30.491, 55317987876, testhost.dll, TestPluginCache.DiscoverTestExtensions: finding test extensions in assemblies ends with: TestAdapter.dll TPluginInfo: Microsoft.VisualStudio.TestPlatform.Common.ExtensionFramework.Utilities.TestDiscovererPluginInformation TExtension: Microsoft.VisualStudio.TestPlatform.ObjectModel.Adapter.ITestDiscoverer
TpTrace Verbose: 0 : 24412, 4, 2022/03/06, 11:31:30.491, 55317988497, testhost.dll, TestPluginCache.GetExtensionPaths: Filtered extension paths: 
TpTrace Verbose: 0 : 24412, 4, 2022/03/06, 11:31:30.491, 55317988772, testhost.dll, TestPluginCache.GetExtensionPaths: Added default extension paths: C:\Users\D3NCE\OneDrive\Desktop\RentNScoot\RentNScoot.Application.UT\bin\Debug\netcoreapp3.1\fine-code-coverage\build-output\Microsoft.VisualStudio.TestPlatform.MSTest.TestAdapter.dll
TpTrace Verbose: 0 : 24412, 4, 2022/03/06, 11:31:30.491, 55317988957, testhost.dll, TestPluginCache.GetExtensionPaths: Added unfilterableExtensionPaths: 
TpTrace Information: 0 : 24412, 4, 2022/03/06, 11:31:30.491, 55317989699, testhost.dll, AssemblyResolver.AddSearchDirectories: Adding more searchDirectories C:\Users\D3NCE\OneDrive\Desktop\RentNScoot\RentNScoot.Application.UT\bin\Debug\netcoreapp3.1\fine-code-coverage\build-output
TpTrace Verbose: 0 : 24412, 4, 2022/03/06, 11:31:30.491, 55317989957, testhost.dll, TestPluginCache.DiscoverTestExtensions: Discovering the extensions using extension path.
TpTrace Verbose: 0 : 24412, 4, 2022/03/06, 11:31:30.491, 55317990137, testhost.dll, TestPluginCache.GetExtensionPaths: Filtered extension paths: 
TpTrace Verbose: 0 : 24412, 4, 2022/03/06, 11:31:30.491, 55317990302, testhost.dll, TestPluginCache.GetExtensionPaths: Added default extension paths: C:\Users\D3NCE\OneDrive\Desktop\RentNScoot\RentNScoot.Application.UT\bin\Debug\netcoreapp3.1\fine-code-coverage\build-output\Microsoft.VisualStudio.TestPlatform.MSTest.TestAdapter.dll
TpTrace Verbose: 0 : 24412, 4, 2022/03/06, 11:31:30.491, 55317990498, testhost.dll, TestPluginCache.GetExtensionPaths: Added unfilterableExtensionPaths: 
TpTrace Verbose: 0 : 24412, 4, 2022/03/06, 11:31:30.491, 55317990680, testhost.dll, TestPluginCache.DiscoverTestExtensions: Discovering the extensions using allExtensionPaths: C:\Users\D3NCE\OneDrive\Desktop\RentNScoot\RentNScoot.Application.UT\bin\Debug\netcoreapp3.1\fine-code-coverage\build-output\Microsoft.VisualStudio.TestPlatform.MSTest.TestAdapter.dll
TpTrace Information: 0 : 24412, 4, 2022/03/06, 11:31:30.491, 55317990949, testhost.dll, AssemblyResolver.AddSearchDirectories: Adding more searchDirectories C:\Users\D3NCE\OneDrive\Desktop\RentNScoot\RentNScoot.Application.UT\bin\Debug\netcoreapp3.1\fine-code-coverage\build-output
TpTrace Verbose: 0 : 24412, 4, 2022/03/06, 11:31:30.492, 55318004612, testhost.dll, TestPluginCache: Discovered the extensions using extension path ''.
TpTrace Verbose: 0 : 24412, 4, 2022/03/06, 11:31:30.492, 55318005026, testhost.dll, TestPluginCache: Discoverers are 'Microsoft.VisualStudio.TestPlatform.MSTest.TestAdapter.MSTestDiscoverer, Microsoft.VisualStudio.TestPlatform.MSTest.TestAdapter, Version=14.0.0.0, Culture=neutral, PublicKeyToken=b03f5f7f11d50a3a'.
TpTrace Verbose: 0 : 24412, 4, 2022/03/06, 11:31:30.492, 55318005257, testhost.dll, TestPluginCache: Executors are 'executor://MSTestAdapter/v2'.
TpTrace Verbose: 0 : 24412, 4, 2022/03/06, 11:31:30.492, 55318005436, testhost.dll, TestPluginCache: Executors2 are ''.
TpTrace Verbose: 0 : 24412, 4, 2022/03/06, 11:31:30.492, 55318005598, testhost.dll, TestPluginCache: Setting providers are ''.
TpTrace Verbose: 0 : 24412, 4, 2022/03/06, 11:31:30.492, 55318005753, testhost.dll, TestPluginCache: Loggers are ''.
TpTrace Verbose: 0 : 24412, 4, 2022/03/06, 11:31:30.496, 55318041534, testhost.dll, BaseRunTests.RunTestInternalWithExecutors: Running tests for executor://MSTestAdapter/v2
TpTrace Information: 0 : 24412, 4, 2022/03/06, 11:31:30.496, 55318044471, testhost.dll, AssemblyResolver.OnResolve: Microsoft.VisualStudio.TestPlatform.MSTestAdapter.PlatformServices.Interface: Resolving assembly.
TpTrace Information: 0 : 24412, 4, 2022/03/06, 11:31:30.497, 55318048006, testhost.dll, AssemblyResolver.OnResolve: Resolved assembly: Microsoft.VisualStudio.TestPlatform.MSTestAdapter.PlatformServices.Interface, from path: C:\Users\D3NCE\OneDrive\Desktop\RentNScoot\RentNScoot.Application.UT\bin\Debug\netcoreapp3.1\fine-code-coverage\build-output\Microsoft.VisualStudio.TestPlatform.MSTestAdapter.PlatformServices.Interface.dll
TpTrace Information: 0 : 24412, 4, 2022/03/06, 11:31:30.497, 55318053888, testhost.dll, AssemblyResolver.OnResolve: Microsoft.VisualStudio.TestPlatform.MSTestAdapter.PlatformServices: Resolving assembly.
TpTrace Information: 0 : 24412, 4, 2022/03/06, 11:31:30.498, 55318057210, testhost.dll, AssemblyResolver.OnResolve: Resolved assembly: Microsoft.VisualStudio.TestPlatform.MSTestAdapter.PlatformServices, from path: C:\Users\D3NCE\OneDrive\Desktop\RentNScoot\RentNScoot.Application.UT\bin\Debug\netcoreapp3.1\fine-code-coverage\build-output\Microsoft.VisualStudio.TestPlatform.MSTestAdapter.PlatformServices.dll
TpTrace Information: 0 : 24412, 4, 2022/03/06, 11:31:30.498, 55318059088, testhost.dll, MSTest - MSTestExecutor.RunTests: Running tests from sources.
TpTrace Information: 0 : 24412, 4, 2022/03/06, 11:31:30.500, 55318077045, testhost.dll, MSTest - CollectSourceInformation value Found : False 
TpTrace Information: 0 : 24412, 4, 2022/03/06, 11:31:30.510, 55318185250, testhost.dll, AssemblyResolver.OnResolve: Microsoft.TestPlatform.AdapterUtilities: Resolving assembly.
TpTrace Information: 0 : 24412, 4, 2022/03/06, 11:31:30.511, 55318188410, testhost.dll, AssemblyResolver.OnResolve: Resolved assembly: Microsoft.TestPlatform.AdapterUtilities, from path: C:\Users\D3NCE\OneDrive\Desktop\RentNScoot\RentNScoot.Application.UT\bin\Debug\netcoreapp3.1\fine-code-coverage\build-output\Microsoft.TestPlatform.AdapterUtilities.dll
TpTrace Information: 0 : 24412, 4, 2022/03/06, 11:31:30.517, 55318249801, testhost.dll, MSTest - MSTestDiscoverer: Found 8 tests from source C:\Users\D3NCE\OneDrive\Desktop\RentNScoot\RentNScoot.Application.UT\bin\Debug\netcoreapp3.1\fine-code-coverage\build-output\RentNScoot.Application.UT.dll
TpTrace Information: 0 : 24412, 4, 2022/03/06, 11:31:30.525, 55318331408, testhost.dll, AssemblyResolver.OnResolve: Microsoft.VisualStudio.TestPlatform.MSTestAdapter.PlatformServices.resources: Resolving assembly.
TpTrace Information: 0 : 24412, 4, 2022/03/06, 11:31:30.525, 55318332480, testhost.dll, AssemblyResolver.OnResolve: Microsoft.VisualStudio.TestPlatform.MSTestAdapter.PlatformServices.resources: Failed to load assembly.
TpTrace Information: 0 : 24412, 4, 2022/03/06, 11:31:30.525, 55318333678, testhost.dll, AssemblyResolver.OnResolve: Microsoft.VisualStudio.TestPlatform.MSTestAdapter.PlatformServices.resources: Resolving assembly.
TpTrace Information: 0 : 24412, 4, 2022/03/06, 11:31:30.525, 55318333977, testhost.dll, AssemblyResolver.OnResolve: Microsoft.VisualStudio.TestPlatform.MSTestAdapter.PlatformServices.resources: Resolved from cache.
TpTrace Information: 0 : 24412, 4, 2022/03/06, 11:31:30.534, 55318418481, testhost.dll, MSTest - Created unit-test runner C:\Users\D3NCE\OneDrive\Desktop\RentNScoot\RentNScoot.Application.UT\bin\Debug\netcoreapp3.1\fine-code-coverage\build-output\RentNScoot.Application.UT.dll
TpTrace Verbose: 0 : 24412, 4, 2022/03/06, 11:31:30.536, 55318444946, testhost.dll, TestExecutionRecorder.RecordStart: Starting test: RentNScoot.Application.UT.ApplicationTests.InitDataRead_CreateDataReadInstance.
TpTrace Information: 0 : 24412, 4, 2022/03/06, 11:31:30.581, 55318893009, testhost.dll, MSTest - Executing test InitDataRead_CreateDataReadInstance
TpTrace Information: 0 : 24412, 4, 2022/03/06, 11:31:30.606, 55319137631, testhost.dll, MSTest - Executed test InitDataRead_CreateDataReadInstance
TpTrace Verbose: 0 : 24412, 4, 2022/03/06, 11:31:30.608, 55319165151, testhost.dll, TestExecutionRecorder.RecordEnd: test: RentNScoot.Application.UT.ApplicationTests.InitDataRead_CreateDataReadInstance execution completed.
TpTrace Verbose: 0 : 24412, 4, 2022/03/06, 11:31:30.618, 55319265549, testhost.dll, TestExecutionRecorder.RecordResult: Received result for test: RentNScoot.Application.UT.ApplicationTests.InitDataRead_CreateDataReadInstance.
TpTrace Warning: 0 : 24412, 4, 2022/03/06, 11:31:30.621, 55319287899, testhost.dll, TestRunCache: InProgressTests is null
TpTrace Warning: 0 : 24412, 4, 2022/03/06, 11:31:30.621, 55319288743, testhost.dll, TestRunCache: No test found corresponding to testResult '' in inProgress list.
TpTrace Verbose: 0 : 24412, 4, 2022/03/06, 11:31:30.621, 55319289537, testhost.dll, TestExecutionRecorder.RecordStart: Starting test: RentNScoot.Application.UT.ApplicationTests.InitDataWrite_CreateDataWriteInstance.
TpTrace Information: 0 : 24412, 4, 2022/03/06, 11:31:30.622, 55319298702, testhost.dll, MSTest - Executing test InitDataWrite_CreateDataWriteInstance
TpTrace Information: 0 : 24412, 4, 2022/03/06, 11:31:30.622, 55319305156, testhost.dll, MSTest - Executed test InitDataWrite_CreateDataWriteInstance
TpTrace Verbose: 0 : 24412, 4, 2022/03/06, 11:31:30.622, 55319305590, testhost.dll, TestExecutionRecorder.RecordEnd: test: RentNScoot.Application.UT.ApplicationTests.InitDataWrite_CreateDataWriteInstance execution completed.
TpTrace Verbose: 0 : 24412, 4, 2022/03/06, 11:31:30.623, 55319314088, testhost.dll, TestExecutionRecorder.RecordResult: Received result for test: RentNScoot.Application.UT.ApplicationTests.InitDataWrite_CreateDataWriteInstance.
TpTrace Warning: 0 : 24412, 4, 2022/03/06, 11:31:30.623, 55319314886, testhost.dll, TestRunCache: InProgressTests is null
TpTrace Warning: 0 : 24412, 4, 2022/03/06, 11:31:30.623, 55319315176, testhost.dll, TestRunCache: No test found corresponding to testResult '' in inProgress list.
TpTrace Verbose: 0 : 24412, 4, 2022/03/06, 11:31:30.623, 55319315525, testhost.dll, TestExecutionRecorder.RecordStart: Starting test: RentNScoot.Application.UT.ApplicationTests.CAppQueries_GetFilledObjectFromDatabase_LocationList.
TpTrace Information: 0 : 24412, 4, 2022/03/06, 11:31:30.624, 55319325692, testhost.dll, MSTest - Executing test CAppQueries_GetFilledObjectFromDatabase_LocationList
TpTrace Information: 0 : 24412, 4, 2022/03/06, 11:31:30.626, 55319342384, testhost.dll, MSTest - Executed test CAppQueries_GetFilledObjectFromDatabase_LocationList
TpTrace Verbose: 0 : 24412, 4, 2022/03/06, 11:31:30.626, 55319342876, testhost.dll, TestExecutionRecorder.RecordEnd: test: RentNScoot.Application.UT.ApplicationTests.CAppQueries_GetFilledObjectFromDatabase_LocationList execution completed.
TpTrace Verbose: 0 : 24412, 4, 2022/03/06, 11:31:30.627, 55319350618, testhost.dll, TestExecutionRecorder.RecordResult: Received result for test: RentNScoot.Application.UT.ApplicationTests.CAppQueries_GetFilledObjectFromDatabase_LocationList.
TpTrace Warning: 0 : 24412, 4, 2022/03/06, 11:31:30.627, 55319350986, testhost.dll, TestRunCache: InProgressTests is null
TpTrace Warning: 0 : 24412, 4, 2022/03/06, 11:31:30.627, 55319351169, testhost.dll, TestRunCache: No test found corresponding to testResult '' in inProgress list.
TpTrace Verbose: 0 : 24412, 4, 2022/03/06, 11:31:30.627, 55319351482, testhost.dll, TestExecutionRecorder.RecordStart: Starting test: RentNScoot.Application.UT.ApplicationTests.CAppQueries_GetCorrectObjectFromDatabase_LocationList.
TpTrace Information: 0 : 24412, 4, 2022/03/06, 11:31:30.628, 55319365148, testhost.dll, MSTest - Executing test CAppQueries_GetCorrectObjectFromDatabase_LocationList
TpTrace Information: 0 : 24412, 4, 2022/03/06, 11:31:30.630, 55319377293, testhost.dll, MSTest - Executed test CAppQueries_GetCorrectObjectFromDatabase_LocationList
TpTrace Verbose: 0 : 24412, 4, 2022/03/06, 11:31:30.630, 55319377773, testhost.dll, TestExecutionRecorder.RecordEnd: test: RentNScoot.Application.UT.ApplicationTests.CAppQueries_GetCorrectObjectFromDatabase_LocationList execution completed.
TpTrace Verbose: 0 : 24412, 4, 2022/03/06, 11:31:30.631, 55319388040, testhost.dll, TestExecutionRecorder.RecordResult: Received result for test: RentNScoot.Application.UT.ApplicationTests.CAppQueries_GetCorrectObjectFromDatabase_LocationList.
TpTrace Warning: 0 : 24412, 4, 2022/03/06, 11:31:30.631, 55319388526, testhost.dll, TestRunCache: InProgressTests is null
TpTrace Warning: 0 : 24412, 4, 2022/03/06, 11:31:30.631, 55319388715, testhost.dll, TestRunCache: No test found corresponding to testResult '' in inProgress list.
TpTrace Verbose: 0 : 24412, 4, 2022/03/06, 11:31:30.631, 55319388997, testhost.dll, TestExecutionRecorder.RecordStart: Starting test: RentNScoot.Application.UT.ApplicationTests.CAppQueries_GetFilledObjectFromDatabase_ScooterToLocation.
TpTrace Information: 0 : 24412, 4, 2022/03/06, 11:31:30.632, 55319397091, testhost.dll, MSTest - Executing test CAppQueries_GetFilledObjectFromDatabase_ScooterToLocation
TpTrace Information: 0 : 24412, 4, 2022/03/06, 11:31:30.633, 55319408278, testhost.dll, MSTest - Executed test CAppQueries_GetFilledObjectFromDatabase_ScooterToLocation
TpTrace Verbose: 0 : 24412, 4, 2022/03/06, 11:31:30.633, 55319408723, testhost.dll, TestExecutionRecorder.RecordEnd: test: RentNScoot.Application.UT.ApplicationTests.CAppQueries_GetFilledObjectFromDatabase_ScooterToLocation execution completed.
TpTrace Verbose: 0 : 24412, 4, 2022/03/06, 11:31:30.634, 55319416663, testhost.dll, TestExecutionRecorder.RecordResult: Received result for test: RentNScoot.Application.UT.ApplicationTests.CAppQueries_GetFilledObjectFromDatabase_ScooterToLocation.
TpTrace Warning: 0 : 24412, 4, 2022/03/06, 11:31:30.634, 55319417065, testhost.dll, TestRunCache: InProgressTests is null
TpTrace Warning: 0 : 24412, 4, 2022/03/06, 11:31:30.634, 55319417250, testhost.dll, TestRunCache: No test found corresponding to testResult '' in inProgress list.
TpTrace Verbose: 0 : 24412, 4, 2022/03/06, 11:31:30.634, 55319417504, testhost.dll, TestExecutionRecorder.RecordStart: Starting test: RentNScoot.Application.UT.ApplicationTests.CAppQueries_GetCorrectObjectFromDatabase_ScooterToLocation.
TpTrace Information: 0 : 24412, 4, 2022/03/06, 11:31:30.634, 55319424400, testhost.dll, MSTest - Executing test CAppQueries_GetCorrectObjectFromDatabase_ScooterToLocation
TpTrace Information: 0 : 24412, 4, 2022/03/06, 11:31:30.635, 55319431353, testhost.dll, MSTest - Executed test CAppQueries_GetCorrectObjectFromDatabase_ScooterToLocation
TpTrace Verbose: 0 : 24412, 4, 2022/03/06, 11:31:30.635, 55319431731, testhost.dll, TestExecutionRecorder.RecordEnd: test: RentNScoot.Application.UT.ApplicationTests.CAppQueries_GetCorrectObjectFromDatabase_ScooterToLocation execution completed.
TpTrace Verbose: 0 : 24412, 4, 2022/03/06, 11:31:30.636, 55319439364, testhost.dll, TestExecutionRecorder.RecordResult: Received result for test: RentNScoot.Application.UT.ApplicationTests.CAppQueries_GetCorrectObjectFromDatabase_ScooterToLocation.
TpTrace Warning: 0 : 24412, 4, 2022/03/06, 11:31:30.636, 55319439748, testhost.dll, TestRunCache: InProgressTests is null
TpTrace Warning: 0 : 24412, 4, 2022/03/06, 11:31:30.636, 55319439933, testhost.dll, TestRunCache: No test found corresponding to testResult '' in inProgress list.
TpTrace Verbose: 0 : 24412, 4, 2022/03/06, 11:31:30.636, 55319440223, testhost.dll, TestExecutionRecorder.RecordStart: Starting test: RentNScoot.Application.UT.ApplicationTests.CAppQueries_GetFilledObjectFromDatabase_CustomerById.
TpTrace Information: 0 : 24412, 4, 2022/03/06, 11:31:30.637, 55319447334, testhost.dll, MSTest - Executing test CAppQueries_GetFilledObjectFromDatabase_CustomerById
TpTrace Information: 0 : 24412, 4, 2022/03/06, 11:31:30.638, 55319456673, testhost.dll, MSTest - Executed test CAppQueries_GetFilledObjectFromDatabase_CustomerById
TpTrace Verbose: 0 : 24412, 4, 2022/03/06, 11:31:30.638, 55319457109, testhost.dll, TestExecutionRecorder.RecordEnd: test: RentNScoot.Application.UT.ApplicationTests.CAppQueries_GetFilledObjectFromDatabase_CustomerById execution completed.
TpTrace Verbose: 0 : 24412, 4, 2022/03/06, 11:31:30.638, 55319465971, testhost.dll, TestExecutionRecorder.RecordResult: Received result for test: RentNScoot.Application.UT.ApplicationTests.CAppQueries_GetFilledObjectFromDatabase_CustomerById.
TpTrace Warning: 0 : 24412, 4, 2022/03/06, 11:31:30.638, 55319466416, testhost.dll, TestRunCache: InProgressTests is null
TpTrace Warning: 0 : 24412, 4, 2022/03/06, 11:31:30.639, 55319466606, testhost.dll, TestRunCache: No test found corresponding to testResult '' in inProgress list.
TpTrace Verbose: 0 : 24412, 4, 2022/03/06, 11:31:30.639, 55319466910, testhost.dll, TestExecutionRecorder.RecordStart: Starting test: RentNScoot.Application.UT.ApplicationTests.CAppQueries_GetCorrectObjectFromDatabase_CustomerById.
TpTrace Information: 0 : 24412, 4, 2022/03/06, 11:31:30.639, 55319474006, testhost.dll, MSTest - Executing test CAppQueries_GetCorrectObjectFromDatabase_CustomerById
TpTrace Information: 0 : 24412, 4, 2022/03/06, 11:31:30.640, 55319479401, testhost.dll, MSTest - Executed test CAppQueries_GetCorrectObjectFromDatabase_CustomerById
TpTrace Verbose: 0 : 24412, 4, 2022/03/06, 11:31:30.640, 55319479771, testhost.dll, TestExecutionRecorder.RecordEnd: test: RentNScoot.Application.UT.ApplicationTests.CAppQueries_GetCorrectObjectFromDatabase_CustomerById execution completed.
TpTrace Verbose: 0 : 24412, 4, 2022/03/06, 11:31:30.641, 55319486906, testhost.dll, TestExecutionRecorder.RecordResult: Received result for test: RentNScoot.Application.UT.ApplicationTests.CAppQueries_GetCorrectObjectFromDatabase_CustomerById.
TpTrace Warning: 0 : 24412, 4, 2022/03/06, 11:31:30.641, 55319487306, testhost.dll, TestRunCache: InProgressTests is null
TpTrace Warning: 0 : 24412, 4, 2022/03/06, 11:31:30.641, 55319487490, testhost.dll, TestRunCache: No test found corresponding to testResult '' in inProgress list.
TpTrace Information: 0 : 24412, 4, 2022/03/06, 11:31:30.641, 55319488686, testhost.dll, MSTest - Executing cleanup methods.
TpTrace Information: 0 : 24412, 4, 2022/03/06, 11:31:30.642, 55319497596, testhost.dll, MSTest - Executed cleanup methods.
TpTrace Information: 0 : 24412, 4, 2022/03/06, 11:31:30.642, 55319497938, testhost.dll, MSTest - Executed tests belonging to source C:\Users\D3NCE\OneDrive\Desktop\RentNScoot\RentNScoot.Application.UT\bin\Debug\netcoreapp3.1\fine-code-coverage\build-output\RentNScoot.Application.UT.dll
TpTrace Information: 0 : 24412, 4, 2022/03/06, 11:31:30.642, 55319499452, testhost.dll, Deleting deployment directory C:\Users\D3NCE\OneDrive\Desktop\RentNScoot\RentNScoot.Application.UT\bin\Debug\netcoreapp3.1\fine-code-coverage\coverage-tool-output\Deploy_D3NCE 2022-03-06 11_31_30
TpTrace Information: 0 : 24412, 4, 2022/03/06, 11:31:30.643, 55319515392, testhost.dll, Deleted deployment directory C:\Users\D3NCE\OneDrive\Desktop\RentNScoot\RentNScoot.Application.UT\bin\Debug\netcoreapp3.1\fine-code-coverage\coverage-tool-output\Deploy_D3NCE 2022-03-06 11_31_30
TpTrace Verbose: 0 : 24412, 4, 2022/03/06, 11:31:30.644, 55319518043, testhost.dll, BaseRunTests.RunTestInternalWithExecutors: Completed running tests for executor://MSTestAdapter/v2
TpTrace Information: 0 : 24412, 4, 2022/03/06, 11:31:30.646, 55319538844, testhost.dll, Sending test run complete
TpTrace Verbose: 0 : 24412, 4, 2022/03/06, 11:31:30.670, 55319786377, testhost.dll, TestRequestHandler.SendData:  sending data from testhost: {"Version":5,"MessageType":"TestExecution.Completed","Payload":{"TestRunCompleteArgs":{"TestRunStatistics":{"ExecutedTests":8,"Stats":{"Passed":8}},"IsCanceled":false,"IsAborted":false,"Error":null,"AttachmentSets":[],"ElapsedTimeInRunningTests":"00:00:00.1505337","Metrics":{}},"LastRunTests":{"NewTestResults":[{"TestCase":{"Id":"d677370c-100e-1aac-0302-4279b73e847f","FullyQualifiedName":"RentNScoot.Application.UT.ApplicationTests.InitDataRead_CreateDataReadInstance","DisplayName":"InitDataRead_CreateDataReadInstance","ExecutorUri":"executor://MSTestAdapter/v2","Source":"C:\\Users\\D3NCE\\OneDrive\\Desktop\\RentNScoot\\RentNScoot.Application.UT\\bin\\Debug\\netcoreapp3.1\\fine-code-coverage\\build-output\\RentNScoot.Application.UT.dll","CodeFilePath":null,"LineNumber":-1,"Properties":[{"Key":{"Id":"TestCase.ManagedType","Label":"ManagedType","Category":"","Description":"","Attributes":1,"ValueType":"System.String"},"Value":"RentNScoot.Application.UT.ApplicationTests"},{"Key":{"Id":"TestCase.ManagedMethod","Label":"ManagedMethod","Category":"","Description":"","Attributes":1,"ValueType":"System.String"},"Value":"InitDataRead_CreateDataReadInstance"},{"Key":{"Id":"MSTestDiscoverer.TestClassName","Label":"ClassName","Category":"","Description":"","Attributes":1,"ValueType":"System.String"},"Value":"RentNScoot.Application.UT.ApplicationTests"},{"Key":{"Id":"TestObject.Traits","Label":"Traits","Category":"","Description":"","Attributes":5,"ValueType":"System.Collections.Generic.KeyValuePair`2[[System.String],[System.String]][]"},"Value":[]}]},"Attachments":[],"Outcome":1,"ErrorMessage":null,"ErrorStackTrace":null,"DisplayName":null,"Messages":[],"ComputerName":null,"Duration":"00:00:00.0059307","StartTime":"2022-03-06T11:31:30.5815921+01:00","EndTime":"2022-03-06T11:31:30.6061646+01:00","Properties":[{"Key":{"Id":"ExecutionId","Label":"ExecutionId","Category":"","Description":"","Attributes":1,"ValueType":"System.Guid"},"Value":"00000000-0000-0000-0000-000000000000"},{"Key":{"Id":"ParentExecId","Label":"ParentExecId","Category":"","Description":"","Attributes":1,"ValueType":"System.Guid"},"Value":"00000000-0000-0000-0000-000000000000"},{"Key":{"Id":"InnerResultsCount","Label":"InnerResultsCount","Category":"","Description":"","Attributes":1,"ValueType":"System.Int32"},"Value":0}]},{"TestCase":{"Id":"d5a84e77-fb85-fb91-9e31-be1af16d8469","FullyQualifiedName":"RentNScoot.Application.UT.ApplicationTests.InitDataWrite_CreateDataWriteInstance","DisplayName":"InitDataWrite_CreateDataWriteInstance","ExecutorUri":"executor://MSTestAdapter/v2","Source":"C:\\Users\\D3NCE\\OneDrive\\Desktop\\RentNScoot\\RentNScoot.Application.UT\\bin\\Debug\\netcoreapp3.1\\fine-code-coverage\\build-output\\RentNScoot.Application.UT.dll","CodeFilePath":null,"LineNumber":-1,"Properties":[{"Key":{"Id":"TestCase.ManagedType","Label":"ManagedType","Category":"","Description":"","Attributes":1,"ValueType":"System.String"},"Value":"RentNScoot.Application.UT.ApplicationTests"},{"Key":{"Id":"TestCase.ManagedMethod","Label":"ManagedMethod","Category":"","Description":"","Attributes":1,"ValueType":"System.String"},"Value":"InitDataWrite_CreateDataWriteInstance"},{"Key":{"Id":"MSTestDiscoverer.TestClassName","Label":"ClassName","Category":"","Description":"","Attributes":1,"ValueType":"System.String"},"Value":"RentNScoot.Application.UT.ApplicationTests"},{"Key":{"Id":"TestObject.Traits","Label":"Traits","Category":"","Description":"","Attributes":5,"ValueType":"System.Collections.Generic.KeyValuePair`2[[System.String],[System.String]][]"},"Value":[]}]},"Attachments":[],"Outcome":1,"ErrorMessage":null,"ErrorStackTrace":null,"DisplayName":null,"Messages":[],"ComputerName":null,"Duration":"00:00:00.0004693","StartTime":"2022-03-06T11:31:30.6222113+01:00","EndTime":"2022-03-06T11:31:30.6228951+01:00","Properties":[{"Key":{"Id":"ExecutionId","Label":"ExecutionId","Category":"","Description":"","Attributes":1,"ValueType":"System.Guid"},"Value":"00000000-0000-0000-0000-000000000000"},{"Key":{"Id":"ParentExecId","Label":"ParentExecId","Category":"","Description":"","Attributes":1,"ValueType":"System.Guid"},"Value":"00000000-0000-0000-0000-000000000000"},{"Key":{"Id":"InnerResultsCount","Label":"InnerResultsCount","Category":"","Description":"","Attributes":1,"ValueType":"System.Int32"},"Value":0}]},{"TestCase":{"Id":"30afe25c-1a7e-4fb7-5efe-63e1c2bd2861","FullyQualifiedName":"RentNScoot.Application.UT.ApplicationTests.CAppQueries_GetFilledObjectFromDatabase_LocationList","DisplayName":"CAppQueries_GetFilledObjectFromDatabase_LocationList","ExecutorUri":"executor://MSTestAdapter/v2","Source":"C:\\Users\\D3NCE\\OneDrive\\Desktop\\RentNScoot\\RentNScoot.Application.UT\\bin\\Debug\\netcoreapp3.1\\fine-code-coverage\\build-output\\RentNScoot.Application.UT.dll","CodeFilePath":null,"LineNumber":-1,"Properties":[{"Key":{"Id":"TestCase.ManagedType","Label":"ManagedType","Category":"","Description":"","Attributes":1,"ValueType":"System.String"},"Value":"RentNScoot.Application.UT.ApplicationTests"},{"Key":{"Id":"TestCase.ManagedMethod","Label":"ManagedMethod","Category":"","Description":"","Attributes":1,"ValueType":"System.String"},"Value":"CAppQueries_GetFilledObjectFromDatabase_LocationList"},{"Key":{"Id":"MSTestDiscoverer.TestClassName","Label":"ClassName","Category":"","Description":"","Attributes":1,"ValueType":"System.String"},"Value":"RentNScoot.Application.UT.ApplicationTests"},{"Key":{"Id":"TestObject.Traits","Label":"Traits","Category":"","Description":"","Attributes":5,"ValueType":"System.Collections.Generic.KeyValuePair`2[[System.String],[System.String]][]"},"Value":[]}]},"Attachments":[],"Outcome":1,"ErrorMessage":null,"ErrorStackTrace":null,"DisplayName":null,"Messages":[],"ComputerName":null,"Duration":"00:00:00.0015311","StartTime":"2022-03-06T11:31:30.6249092+01:00","EndTime":"2022-03-06T11:31:30.6266257+01:00","Properties":[{"Key":{"Id":"ExecutionId","Label":"ExecutionId","Category":"","Description":"","Attributes":1,"ValueType":"System.Guid"},"Value":"00000000-0000-0000-0000-000000000000"},{"Key":{"Id":"ParentExecId","Label":"ParentExecId","Category":"","Description":"","Attributes":1,"ValueType":"System.Guid"},"Value":"00000000-0000-0000-0000-000000000000"},{"Key":{"Id":"InnerResultsCount","Label":"InnerResultsCount","Category":"","Description":"","Attributes":1,"ValueType":"System.Int32"},"Value":0}]},{"TestCase":{"Id":"ce4b5761-0522-f20e-e3e1-9001b4bbef00","FullyQualifiedName":"RentNScoot.Application.UT.ApplicationTests.CAppQueries_GetCorrectObjectFromDatabase_LocationList","DisplayName":"CAppQueries_GetCorrectObjectFromDatabase_LocationList","ExecutorUri":"executor://MSTestAdapter/v2","Source":"C:\\Users\\D3NCE\\OneDrive\\Desktop\\RentNScoot\\RentNScoot.Application.UT\\bin\\Debug\\netcoreapp3.1\\fine-code-coverage\\build-output\\RentNScoot.Application.UT.dll","CodeFilePath":null,"LineNumber":-1,"Properties":[{"Key":{"Id":"TestCase.ManagedType","Label":"ManagedType","Category":"","Description":"","Attributes":1,"ValueType":"System.String"},"Value":"RentNScoot.Application.UT.ApplicationTests"},{"Key":{"Id":"TestCase.ManagedMethod","Label":"ManagedMethod","Category":"","Description":"","Attributes":1,"ValueType":"System.String"},"Value":"CAppQueries_GetCorrectObjectFromDatabase_LocationList"},{"Key":{"Id":"MSTestDiscoverer.TestClassName","Label":"ClassName","Category":"","Description":"","Attributes":1,"ValueType":"System.String"},"Value":"RentNScoot.Application.UT.ApplicationTests"},{"Key":{"Id":"TestObject.Traits","Label":"Traits","Category":"","Description":"","Attributes":5,"ValueType":"System.Collections.Generic.KeyValuePair`2[[System.String],[System.String]][]"},"Value":[]}]},"Attachments":[],"Outcome":1,"ErrorMessage":null,"ErrorStackTrace":null,"DisplayName":null,"Messages":[],"ComputerName":null,"Duration":"00:00:00.0010591","StartTime":"2022-03-06T11:31:30.6288566+01:00","EndTime":"2022-03-06T11:31:30.6301165+01:00","Properties":[{"Key":{"Id":"ExecutionId","Label":"ExecutionId","Category":"","Description":"","Attributes":1,"ValueType":"System.Guid"},"Value":"00000000-0000-0000-0000-000000000000"},{"Key":{"Id":"ParentExecId","Label":"ParentExecId","Category":"","Description":"","Attributes":1,"ValueType":"System.Guid"},"Value":"00000000-0000-0000-0000-000000000000"},{"Key":{"Id":"InnerResultsCount","Label":"InnerResultsCount","Category":"","Description":"","Attributes":1,"ValueType":"System.Int32"},"Value":0}]},{"TestCase":{"Id":"e6393dc7-6ad2-5011-2ddd-40d7399a705a","FullyQualifiedName":"RentNScoot.Application.UT.ApplicationTests.CAppQueries_GetFilledObjectFromDatabase_ScooterToLocation","DisplayName":"CAppQueries_GetFilledObjectFromDatabase_ScooterToLocation","ExecutorUri":"executor://MSTestAdapter/v2","Source":"C:\\Users\\D3NCE\\OneDrive\\Desktop\\RentNScoot\\RentNScoot.Application.UT\\bin\\Debug\\netcoreapp3.1\\fine-code-coverage\\build-output\\RentNScoot.Application.UT.dll","CodeFilePath":null,"LineNumber":-1,"Properties":[{"Key":{"Id":"TestCase.ManagedType","Label":"ManagedType","Category":"","Description":"","Attributes":1,"ValueType":"System.String"},"Value":"RentNScoot.Application.UT.ApplicationTests"},{"Key":{"Id":"TestCase.ManagedMethod","Label":"ManagedMethod","Category":"","Description":"","Attributes":1,"ValueType":"System.String"},"Value":"CAppQueries_GetFilledObjectFromDatabase_ScooterToLocation"},{"Key":{"Id":"MSTestDiscoverer.TestClassName","Label":"ClassName","Category":"","Description":"","Attributes":1,"ValueType":"System.String"},"Value":"RentNScoot.Application.UT.ApplicationTests"},{"Key":{"Id":"TestObject.Traits","Label":"Traits","Category":"","Description":"","Attributes":5,"ValueType":"System.Collections.Generic.KeyValuePair`2[[System.String],[System.String]][]"},"Value":[]}]},"Attachments":[],"Outcome":1,"ErrorMessage":null,"ErrorStackTrace":null,"DisplayName":null,"Messages":[],"ComputerName":null,"Duration":"00:00:00.0010088","StartTime":"2022-03-06T11:31:30.6320517+01:00","EndTime":"2022-03-06T11:31:30.6332123+01:00","Properties":[{"Key":{"Id":"ExecutionId","Label":"ExecutionId","Category":"","Description":"","Attributes":1,"ValueType":"System.Guid"},"Value":"00000000-0000-0000-0000-000000000000"},{"Key":{"Id":"ParentExecId","Label":"ParentExecId","Category":"","Description":"","Attributes":1,"ValueType":"System.Guid"},"Value":"00000000-0000-0000-0000-000000000000"},{"Key":{"Id":"InnerResultsCount","Label":"InnerResultsCount","Category":"","Description":"","Attributes":1,"ValueType":"System.Int32"},"Value":0}]},{"TestCase":{"Id":"5a475e46-048e-9080-57ac-a8030bf16437","FullyQualifiedName":"RentNScoot.Application.UT.ApplicationTests.CAppQueries_GetCorrectObjectFromDatabase_ScooterToLocation","DisplayName":"CAppQueries_GetCorrectObjectFromDatabase_ScooterToLocation","ExecutorUri":"executor://MSTestAdapter/v2","Source":"C:\\Users\\D3NCE\\OneDrive\\Desktop\\RentNScoot\\RentNScoot.Application.UT\\bin\\Debug\\netcoreapp3.1\\fine-code-coverage\\build-output\\RentNScoot.Application.UT.dll","CodeFilePath":null,"LineNumber":-1,"Properties":[{"Key":{"Id":"TestCase.ManagedType","Label":"ManagedType","Category":"","Description":"","Attributes":1,"ValueType":"System.String"},"Value":"RentNScoot.Application.UT.ApplicationTests"},{"Key":{"Id":"TestCase.ManagedMethod","Label":"ManagedMethod","Category":"","Description":"","Attributes":1,"ValueType":"System.String"},"Value":"CAppQueries_GetCorrectObjectFromDatabase_ScooterToLocation"},{"Key":{"Id":"MSTestDiscoverer.TestClassName","Label":"ClassName","Category":"","Description":"","Attributes":1,"ValueType":"System.String"},"Value":"RentNScoot.Application.UT.ApplicationTests"},{"Key":{"Id":"TestObject.Traits","Label":"Traits","Category":"","Description":"","Attributes":5,"ValueType":"System.Collections.Generic.KeyValuePair`2[[System.String],[System.String]][]"},"Value":[]}]},"Attachments":[],"Outcome":1,"ErrorMessage":null,"ErrorStackTrace":null,"DisplayName":null,"Messages":[],"ComputerName":null,"Duration":"00:00:00.0005967","StartTime":"2022-03-06T11:31:30.6347827+01:00","EndTime":"2022-03-06T11:31:30.635514+01:00","Properties":[{"Key":{"Id":"ExecutionId","Label":"ExecutionId","Category":"","Description":"","Attributes":1,"ValueType":"System.Guid"},"Value":"00000000-0000-0000-0000-000000000000"},{"Key":{"Id":"ParentExecId","Label":"ParentExecId","Category":"","Description":"","Attributes":1,"ValueType":"System.Guid"},"Value":"00000000-0000-0000-0000-000000000000"},{"Key":{"Id":"InnerResultsCount","Label":"InnerResultsCount","Category":"","Description":"","Attributes":1,"ValueType":"System.Int32"},"Value":0}]},{"TestCase":{"Id":"e3a9c938-d53d-c87b-b3c0-6c3149eedc7d","FullyQualifiedName":"RentNScoot.Application.UT.ApplicationTests.CAppQueries_GetFilledObjectFromDatabase_CustomerById","DisplayName":"CAppQueries_GetFilledObjectFromDatabase_CustomerById","ExecutorUri":"executor://MSTestAdapter/v2","Source":"C:\\Users\\D3NCE\\OneDrive\\Desktop\\RentNScoot\\RentNScoot.Application.UT\\bin\\Debug\\netcoreapp3.1\\fine-code-coverage\\build-output\\RentNScoot.Application.UT.dll","CodeFilePath":null,"LineNumber":-1,"Properties":[{"Key":{"Id":"TestCase.ManagedType","Label":"ManagedType","Category":"","Description":"","Attributes":1,"ValueType":"System.String"},"Value":"RentNScoot.Application.UT.ApplicationTests"},{"Key":{"Id":"TestCase.ManagedMethod","Label":"ManagedMethod","Category":"","Description":"","Attributes":1,"ValueType":"System.String"},"Value":"CAppQueries_GetFilledObjectFromDatabase_CustomerById"},{"Key":{"Id":"MSTestDiscoverer.TestClassName","Label":"ClassName","Category":"","Description":"","Attributes":1,"ValueType":"System.String"},"Value":"RentNScoot.Application.UT.ApplicationTests"},{"Key":{"Id":"TestObject.Traits","Label":"Traits","Category":"","Description":"","Attributes":5,"ValueType":"System.Collections.Generic.KeyValuePair`2[[System.String],[System.String]][]"},"Value":[]}]},"Attachments":[],"Outcome":1,"ErrorMessage":null,"ErrorStackTrace":null,"DisplayName":null,"Messages":[],"ComputerName":null,"Duration":"00:00:00.0008356","StartTime":"2022-03-06T11:31:30.6370723+01:00","EndTime":"2022-03-06T11:31:30.6380502+01:00","Properties":[{"Key":{"Id":"ExecutionId","Label":"ExecutionId","Category":"","Description":"","Attributes":1,"ValueType":"System.Guid"},"Value":"00000000-0000-0000-0000-000000000000"},{"Key":{"Id":"ParentExecId","Label":"ParentExecId","Category":"","Description":"","Attributes":1,"ValueType":"System.Guid"},"Value":"00000000-0000-0000-0000-000000000000"},{"Key":{"Id":"InnerResultsCount","Label":"InnerResultsCount","Category":"","Description":"","Attributes":1,"ValueType":"System.Int32"},"Value":0}]},{"TestCase":{"Id":"d17743b7-58e0-53a0-df34-807f76ae1566","FullyQualifiedName":"RentNScoot.Application.UT.ApplicationTests.CAppQueries_GetCorrectObjectFromDatabase_CustomerById","DisplayName":"CAppQueries_GetCorrectObjectFromDatabase_CustomerById","ExecutorUri":"executor://MSTestAdapter/v2","Source":"C:\\Users\\D3NCE\\OneDrive\\Desktop\\RentNScoot\\RentNScoot.Application.UT\\bin\\Debug\\netcoreapp3.1\\fine-code-coverage\\build-output\\RentNScoot.Application.UT.dll","CodeFilePath":null,"LineNumber":-1,"Properties":[{"Key":{"Id":"TestCase.ManagedType","Label":"ManagedType","Category":"","Description":"","Attributes":1,"ValueType":"System.String"},"Value":"RentNScoot.Application.UT.ApplicationTests"},{"Key":{"Id":"TestCase.ManagedMethod","Label":"ManagedMethod","Category":"","Description":"","Attributes":1,"ValueType":"System.String"},"Value":"CAppQueries_GetCorrectObjectFromDatabase_CustomerById"},{"Key":{"Id":"MSTestDiscoverer.TestClassName","Label":"ClassName","Category":"","Description":"","Attributes":1,"ValueType":"System.String"},"Value":"RentNScoot.Application.UT.ApplicationTests"},{"Key":{"Id":"TestObject.Traits","Label":"Traits","Category":"","Description":"","Attributes":5,"ValueType":"System.Collections.Generic.KeyValuePair`2[[System.String],[System.String]][]"},"Value":[]}]},"Attachments":[],"Outcome":1,"ErrorMessage":null,"ErrorStackTrace":null,"DisplayName":null,"Messages":[],"ComputerName":null,"Duration":"00:00:00.0004344","StartTime":"2022-03-06T11:31:30.6397433+01:00","EndTime":"2022-03-06T11:31:30.6403174+01:00","Properties":[{"Key":{"Id":"ExecutionId","Label":"ExecutionId","Category":"","Description":"","Attributes":1,"ValueType":"System.Guid"},"Value":"00000000-0000-0000-0000-000000000000"},{"Key":{"Id":"ParentExecId","Label":"ParentExecId","Category":"","Description":"","Attributes":1,"ValueType":"System.Guid"},"Value":"00000000-0000-0000-0000-000000000000"},{"Key":{"Id":"InnerResultsCount","Label":"InnerResultsCount","Category":"","Description":"","Attributes":1,"ValueType":"System.Int32"},"Value":0}]}],"TestRunStatistics":{"ExecutedTests":8,"Stats":{"Passed":8}},"ActiveTests":[]},"RunAttachments":[],"ExecutorUris":["executor://mstestadapter/v2"]}}
TpTrace Verbose: 0 : 24412, 4, 2022/03/06, 11:31:30.671, 55319790101, testhost.dll, BaseRunTests.RunTests: Run is complete.
TpTrace Verbose: 0 : 24412, 9, 2022/03/06, 11:31:30.673, 55319806781, testhost.dll, TcpClientExtensions.MessageLoopAsync: NotifyDataAvailable remoteEndPoint: [::ffff:127.0.0.1]:53989 localEndPoint: [::ffff:127.0.0.1]:53990
TpTrace Information: 0 : 24412, 9, 2022/03/06, 11:31:30.673, 55319807476, testhost.dll, TestRequestHandler.ProcessRequests: received message: (TestSession.Terminate) -> null
TpTrace Information: 0 : 24412, 9, 2022/03/06, 11:31:30.673, 55319807736, testhost.dll, Session End message received from server. Closing the connection.
TpTrace Information: 0 : 24412, 9, 2022/03/06, 11:31:30.673, 55319809324, testhost.dll, SocketClient.Stop: Stop communication from server endpoint: 127.0.0.1:053989
TpTrace Information: 0 : 24412, 9, 2022/03/06, 11:31:30.673, 55319809663, testhost.dll, SocketClient: Stop: Cancellation requested. Stopping message loop.
TpTrace Verbose: 0 : 24412, 9, 2022/03/06, 11:31:30.673, 55319811219, testhost.dll, LengthPrefixCommunicationChannel.Dispose: Dispose reader and writer.
TpTrace Information: 0 : 24412, 9, 2022/03/06, 11:31:30.673, 55319811573, testhost.dll, Closing the connection !
TpTrace Information: 0 : 24412, 9, 2022/03/06, 11:31:30.673, 55319812951, testhost.dll, SocketClient.PrivateStop: Stop communication from server endpoint: 127.0.0.1:053989, error:
TpTrace Verbose: 0 : 24412, 9, 2022/03/06, 11:31:30.673, 55319815185, testhost.dll, LengthPrefixCommunicationChannel.Dispose: Dispose reader and writer.
TpTrace Information: 0 : 24412, 1, 2022/03/06, 11:31:30.673, 55319815383, testhost.dll, Closing the connection !
TpTrace Verbose: 0 : 24412, 9, 2022/03/06, 11:31:30.673, 55319815527, testhost.dll, TcpClientExtensions.MessageLoopAsync: exiting MessageLoopAsync remoteEndPoint: [::ffff:127.0.0.1]:53989 localEndPoint: [::ffff:127.0.0.1]:53990
TpTrace Information: 0 : 24412, 1, 2022/03/06, 11:31:30.673, 55319816249, testhost.dll, SocketClient.Stop: Stop communication from server endpoint: 127.0.0.1:053989
TpTrace Verbose: 0 : 24412, 1, 2022/03/06, 11:31:30.674, 55319816781, testhost.dll, LengthPrefixCommunicationChannel.Dispose: Dispose reader and writer.
TpTrace Information: 0 : 24412, 1, 2022/03/06, 11:31:30.674, 55319817271, testhost.dll, Testhost process exiting.
